  engine.cpp
C:\Users\kikof\Documents\GitHub\GraphicsEngine\Engine\Code\panels.h(11,7): warning C4099: 'App': type name first seen using 'struct' now seen using 'class'
  (compiling source file 'Code/engine.cpp')
      C:\Users\kikof\Documents\GitHub\GraphicsEngine\Engine\Code\gl_error.h(7,8):
      see declaration of 'App'
  
C:\Users\kikof\Documents\GitHub\GraphicsEngine\Engine\Code\engine.h(110,27): warning C4305: 'initializing': truncation from 'double' to 'float'
  (compiling source file 'Code/engine.cpp')
  
C:\Users\kikof\Documents\GitHub\GraphicsEngine\Engine\Code\engine.h(114,28): warning C4305: 'initializing': truncation from 'double' to 'float'
  (compiling source file 'Code/engine.cpp')
  
C:\Users\kikof\Documents\GitHub\GraphicsEngine\Engine\Code\engine.cpp(977,29): warning C4018: '<': signed/unsigned mismatch
  model.cpp
C:\Users\kikof\Documents\GitHub\GraphicsEngine\Engine\Code\panels.h(11,7): warning C4099: 'App': type name first seen using 'struct' now seen using 'class'
  (compiling source file 'Code/model.cpp')
      C:\Users\kikof\Documents\GitHub\GraphicsEngine\Engine\Code\gl_error.h(7,8):
      see declaration of 'App'
  
C:\Users\kikof\Documents\GitHub\GraphicsEngine\Engine\Code\engine.h(110,27): warning C4305: 'initializing': truncation from 'double' to 'float'
  (compiling source file 'Code/model.cpp')
  
C:\Users\kikof\Documents\GitHub\GraphicsEngine\Engine\Code\engine.h(114,28): warning C4305: 'initializing': truncation from 'double' to 'float'
  (compiling source file 'Code/model.cpp')
  
  panels.cpp
C:\Users\kikof\Documents\GitHub\GraphicsEngine\Engine\Code\panels.h(11,7): warning C4099: 'App': type name first seen using 'struct' now seen using 'class'
  (compiling source file 'Code/panels.cpp')
      C:\Users\kikof\Documents\GitHub\GraphicsEngine\Engine\Code\gl_error.h(7,8):
      see declaration of 'App'
  
C:\Users\kikof\Documents\GitHub\GraphicsEngine\Engine\Code\engine.h(110,27): warning C4305: 'initializing': truncation from 'double' to 'float'
  (compiling source file 'Code/panels.cpp')
  
C:\Users\kikof\Documents\GitHub\GraphicsEngine\Engine\Code\engine.h(114,28): warning C4305: 'initializing': truncation from 'double' to 'float'
  (compiling source file 'Code/panels.cpp')
  
  platform.cpp
C:\Users\kikof\Documents\GitHub\GraphicsEngine\Engine\Code\panels.h(11,7): warning C4099: 'App': type name first seen using 'struct' now seen using 'class'
  (compiling source file 'Code/platform.cpp')
      C:\Users\kikof\Documents\GitHub\GraphicsEngine\Engine\Code\gl_error.h(7,8):
      see declaration of 'App'
  
C:\Users\kikof\Documents\GitHub\GraphicsEngine\Engine\Code\engine.h(110,27): warning C4305: 'initializing': truncation from 'double' to 'float'
  (compiling source file 'Code/platform.cpp')
  
C:\Users\kikof\Documents\GitHub\GraphicsEngine\Engine\Code\engine.h(114,28): warning C4305: 'initializing': truncation from 'double' to 'float'
  (compiling source file 'Code/platform.cpp')
  
C:\Users\kikof\Documents\GitHub\GraphicsEngine\Engine\Code\platform.cpp(45,36): warning C4244: '=': conversion from 'double' to 'T', possible loss of data
C:\Users\kikof\Documents\GitHub\GraphicsEngine\Engine\Code\platform.cpp(45,36): warning C4244:         with
C:\Users\kikof\Documents\GitHub\GraphicsEngine\Engine\Code\platform.cpp(45,36): warning C4244:         [
C:\Users\kikof\Documents\GitHub\GraphicsEngine\Engine\Code\platform.cpp(45,36): warning C4244:             T=float
C:\Users\kikof\Documents\GitHub\GraphicsEngine\Engine\Code\platform.cpp(45,36): warning C4244:         ]
C:\Users\kikof\Documents\GitHub\GraphicsEngine\Engine\Code\platform.cpp(46,36): warning C4244: '=': conversion from 'double' to 'T', possible loss of data
C:\Users\kikof\Documents\GitHub\GraphicsEngine\Engine\Code\platform.cpp(46,36): warning C4244:         with
C:\Users\kikof\Documents\GitHub\GraphicsEngine\Engine\Code\platform.cpp(46,36): warning C4244:         [
C:\Users\kikof\Documents\GitHub\GraphicsEngine\Engine\Code\platform.cpp(46,36): warning C4244:             T=float
C:\Users\kikof\Documents\GitHub\GraphicsEngine\Engine\Code\platform.cpp(46,36): warning C4244:         ]
C:\Users\kikof\Documents\GitHub\GraphicsEngine\Engine\Code\platform.cpp(47,29): warning C4244: '=': conversion from 'double' to 'T', possible loss of data
C:\Users\kikof\Documents\GitHub\GraphicsEngine\Engine\Code\platform.cpp(47,29): warning C4244:         with
C:\Users\kikof\Documents\GitHub\GraphicsEngine\Engine\Code\platform.cpp(47,29): warning C4244:         [
C:\Users\kikof\Documents\GitHub\GraphicsEngine\Engine\Code\platform.cpp(47,29): warning C4244:             T=float
C:\Users\kikof\Documents\GitHub\GraphicsEngine\Engine\Code\platform.cpp(47,29): warning C4244:         ]
C:\Users\kikof\Documents\GitHub\GraphicsEngine\Engine\Code\platform.cpp(48,29): warning C4244: '=': conversion from 'double' to 'T', possible loss of data
C:\Users\kikof\Documents\GitHub\GraphicsEngine\Engine\Code\platform.cpp(48,29): warning C4244:         with
C:\Users\kikof\Documents\GitHub\GraphicsEngine\Engine\Code\platform.cpp(48,29): warning C4244:         [
C:\Users\kikof\Documents\GitHub\GraphicsEngine\Engine\Code\platform.cpp(48,29): warning C4244:             T=float
C:\Users\kikof\Documents\GitHub\GraphicsEngine\Engine\Code\platform.cpp(48,29): warning C4244:         ]
  imgui.cpp
  imgui_demo.cpp
  imgui_draw.cpp
  imgui_impl_glfw.cpp
  imgui_impl_opengl3.cpp
  imgui_tables.cpp
  imgui_widgets.cpp
  stb.cpp
  glad.c
  Generating code
  Previous IPDB not found, fall back to full compilation.
C:\Users\kikof\Documents\GitHub\GraphicsEngine\Engine\Code\panels.h(59): warning C4715: 'GUI_PanelManager::GetPanelState': not all control paths return a value
C:\Users\kikof\Documents\GitHub\GraphicsEngine\Engine\Code\model.cpp(225): warning C4715: 'Model::LoadTextureToMat': not all control paths return a value
  All 3453 functions were compiled because no usable IPDB/IOBJ from previous compilation was found.
  Finished generating code
  Engine.vcxproj -> C:\Users\kikof\Documents\GitHub\GraphicsEngine\Engine\x64\Release\Engine.exe
